This file contains any messages produced by compilers while
running configure, to aid debugging if configure makes a mistake.

It was created by libtorrent-rasterbar configure 0.15.1, which was
generated by GNU Autoconf 2.64.  Invocation command line was

  $ ./configure 

## --------- ##
## Platform. ##
## --------- ##

hostname = y.uk.to
uname -m = i686
uname -r = 2.6.31-gentoo-r6
uname -s = Linux
uname -v = #1 SMP PREEMPT Tue Jul 13 09:30:17 MDT 2010

/usr/bin/uname -p = Intel(R) Core(TM)2 Quad CPU Q6600 @ 2.40GHz
/bin/uname -X     = unknown

/bin/arch              = unknown
/usr/bin/arch -k       = unknown
/usr/convex/getsysinfo = unknown
/usr/bin/hostinfo      = unknown
/bin/machine           = unknown
/usr/bin/oslevel       = unknown
/bin/universe          = unknown

PATH: /sbin
PATH: /bin
PATH: /usr/sbin
PATH: /usr/bin
PATH: /opt/bin
PATH: /usr/local/bin


## ----------- ##
## Core tests. ##
## ----------- ##

configure:2698: checking for gcc
configure:2714: found /usr/bin/gcc
configure:2725: result: gcc
configure:2954: checking for C compiler version
configure:2963: gcc --version >&5
gcc (Gentoo 4.3.4 p1.0, pie-10.1.5) 4.3.4
Copyright (C) 2008 Free Software Foundation, Inc.
This is free software; see the source for copying conditions.  There is NO
warranty; not even for MERCHANTABILITY or FITNESS FOR A PARTICULAR PURPOSE.

configure:2974: $? = 0
configure:2963: gcc -v >&5
Using built-in specs.
Target: i686-pc-linux-gnu
Configured with: /var/tmp/portage/sys-devel/gcc-4.3.4/work/gcc-4.3.4/configure --prefix=/usr --bindir=/usr/i686-pc-linux-gnu/gcc-bin/4.3.4 --includedir=/usr/lib/gcc/i686-pc-linux-gnu/4.3.4/include --datadir=/usr/share/gcc-data/i686-pc-linux-gnu/4.3.4 --mandir=/usr/share/gcc-data/i686-pc-linux-gnu/4.3.4/man --infodir=/usr/share/gcc-data/i686-pc-linux-gnu/4.3.4/info --with-gxx-include-dir=/usr/lib/gcc/i686-pc-linux-gnu/4.3.4/include/g++-v4 --host=i686-pc-linux-gnu --build=i686-pc-linux-gnu --disable-altivec --disable-fixed-point --enable-nls --without-included-gettext --with-system-zlib --disable-checking --disable-werror --enable-secureplt --disable-multilib --enable-libmudflap --disable-libssp --enable-libgomp --enable-java-awt=gtk --with-arch=i686 --enable-languages=c,c++,java,treelang,fortran --enable-shared --enable-threads=posix --enable-__cxa_atexit --enable-clocale=gnu --with-bugurl=http://bugs.gentoo.org/ --with-pkgversion='Gentoo 4.3.4 p1.0, pie-10.1.5'
Thread model: posix
gcc version 4.3.4 (Gentoo 4.3.4 p1.0, pie-10.1.5) 
configure:2974: $? = 0
configure:2963: gcc -V >&5
gcc: '-V' option must have argument
configure:2974: $? = 1
configure:2963: gcc -qversion >&5
gcc: unrecognized option '-qversion'
gcc: no input files
configure:2974: $? = 1
configure:2996: checking for C compiler default output file name
configure:3018: gcc    conftest.c  >&5
configure:3022: $? = 0
configure:3059: result: a.out
configure:3075: checking whether the C compiler works
configure:3084: ./a.out
configure:3088: $? = 0
configure:3103: result: yes
configure:3110: checking whether we are cross compiling
configure:3112: result: no
configure:3115: checking for suffix of executables
configure:3122: gcc -o conftest    conftest.c  >&5
configure:3126: $? = 0
configure:3148: result: 
configure:3154: checking for suffix of object files
configure:3176: gcc -c   conftest.c >&5
configure:3180: $? = 0
configure:3201: result: o
configure:3205: checking whether we are using the GNU C compiler
configure:3224: gcc -c   conftest.c >&5
configure:3224: $? = 0
configure:3233: result: yes
configure:3242: checking whether gcc accepts -g
configure:3262: gcc -c -g  conftest.c >&5
configure:3262: $? = 0
configure:3303: result: yes
configure:3320: checking for gcc option to accept ISO C89
configure:3384: gcc  -c -g -O2  conftest.c >&5
configure:3384: $? = 0
configure:3397: result: none needed
configure:3422: checking how to run the C preprocessor
configure:3453: gcc -E  conftest.c
configure:3453: $? = 0
configure:3467: gcc -E  conftest.c
conftest.c:9:28: error: ac_nonexistent.h: No such file or directory
configure:3467: $? = 1
configure: failed program was:
| /* confdefs.h */
| #define PACKAGE_NAME "libtorrent-rasterbar"
| #define PACKAGE_TARNAME "libtorrent-rasterbar"
| #define PACKAGE_VERSION "0.15.1"
| #define PACKAGE_STRING "libtorrent-rasterbar 0.15.1"
| #define PACKAGE_BUGREPORT "arvid@cs.umu.se"
| #define PACKAGE_URL "http://www.libtorrent.org"
| /* end confdefs.h.  */
| #include <ac_nonexistent.h>
configure:3492: result: gcc -E
configure:3512: gcc -E  conftest.c
configure:3512: $? = 0
configure:3526: gcc -E  conftest.c
conftest.c:9:28: error: ac_nonexistent.h: No such file or directory
configure:3526: $? = 1
configure: failed program was:
| /* confdefs.h */
| #define PACKAGE_NAME "libtorrent-rasterbar"
| #define PACKAGE_TARNAME "libtorrent-rasterbar"
| #define PACKAGE_VERSION "0.15.1"
| #define PACKAGE_STRING "libtorrent-rasterbar 0.15.1"
| #define PACKAGE_BUGREPORT "arvid@cs.umu.se"
| #define PACKAGE_URL "http://www.libtorrent.org"
| /* end confdefs.h.  */
| #include <ac_nonexistent.h>
configure:3555: checking whether gcc and cc understand -c and -o together
configure:3586: gcc -c conftest.c -o conftest2.o >&5
configure:3590: $? = 0
configure:3596: gcc -c conftest.c -o conftest2.o >&5
configure:3600: $? = 0
configure:3611: cc -c conftest.c >&5
configure:3615: $? = 0
configure:3623: cc -c conftest.c -o conftest2.o >&5
configure:3627: $? = 0
configure:3633: cc -c conftest.c -o conftest2.o >&5
configure:3637: $? = 0
configure:3655: result: yes
configure:3723: checking for g++
configure:3739: found /usr/bin/g++
configure:3750: result: g++
configure:3777: checking for C++ compiler version
configure:3786: g++ --version >&5
g++ (Gentoo 4.3.4 p1.0, pie-10.1.5) 4.3.4
Copyright (C) 2008 Free Software Foundation, Inc.
This is free software; see the source for copying conditions.  There is NO
warranty; not even for MERCHANTABILITY or FITNESS FOR A PARTICULAR PURPOSE.

configure:3797: $? = 0
configure:3786: g++ -v >&5
Using built-in specs.
Target: i686-pc-linux-gnu
Configured with: /var/tmp/portage/sys-devel/gcc-4.3.4/work/gcc-4.3.4/configure --prefix=/usr --bindir=/usr/i686-pc-linux-gnu/gcc-bin/4.3.4 --includedir=/usr/lib/gcc/i686-pc-linux-gnu/4.3.4/include --datadir=/usr/share/gcc-data/i686-pc-linux-gnu/4.3.4 --mandir=/usr/share/gcc-data/i686-pc-linux-gnu/4.3.4/man --infodir=/usr/share/gcc-data/i686-pc-linux-gnu/4.3.4/info --with-gxx-include-dir=/usr/lib/gcc/i686-pc-linux-gnu/4.3.4/include/g++-v4 --host=i686-pc-linux-gnu --build=i686-pc-linux-gnu --disable-altivec --disable-fixed-point --enable-nls --without-included-gettext --with-system-zlib --disable-checking --disable-werror --enable-secureplt --disable-multilib --enable-libmudflap --disable-libssp --enable-libgomp --enable-java-awt=gtk --with-arch=i686 --enable-languages=c,c++,java,treelang,fortran --enable-shared --enable-threads=posix --enable-__cxa_atexit --enable-clocale=gnu --with-bugurl=http://bugs.gentoo.org/ --with-pkgversion='Gentoo 4.3.4 p1.0, pie-10.1.5'
Thread model: posix
gcc version 4.3.4 (Gentoo 4.3.4 p1.0, pie-10.1.5) 
configure:3797: $? = 0
configure:3786: g++ -V >&5
g++: '-V' option must have argument
configure:3797: $? = 1
configure:3786: g++ -qversion >&5
g++: unrecognized option '-qversion'
g++: no input files
configure:3797: $? = 1
configure:3801: checking whether we are using the GNU C++ compiler
configure:3820: g++ -c   conftest.cpp >&5
configure:3820: $? = 0
configure:3829: result: yes
configure:3838: checking whether g++ accepts -g
configure:3858: g++ -c -g  conftest.cpp >&5
configure:3858: $? = 0
configure:3899: result: yes
configure:3927: checking how to run the C++ preprocessor
configure:3954: g++ -E  conftest.cpp
configure:3954: $? = 0
configure:3968: g++ -E  conftest.cpp
conftest.cpp:9:28: error: ac_nonexistent.h: No such file or directory
configure:3968: $? = 1
configure: failed program was:
| /* confdefs.h */
| #define PACKAGE_NAME "libtorrent-rasterbar"
| #define PACKAGE_TARNAME "libtorrent-rasterbar"
| #define PACKAGE_VERSION "0.15.1"
| #define PACKAGE_STRING "libtorrent-rasterbar 0.15.1"
| #define PACKAGE_BUGREPORT "arvid@cs.umu.se"
| #define PACKAGE_URL "http://www.libtorrent.org"
| /* end confdefs.h.  */
| #include <ac_nonexistent.h>
configure:3993: result: g++ -E
configure:4013: g++ -E  conftest.cpp
configure:4013: $? = 0
configure:4027: g++ -E  conftest.cpp
conftest.cpp:9:28: error: ac_nonexistent.h: No such file or directory
configure:4027: $? = 1
configure: failed program was:
| /* confdefs.h */
| #define PACKAGE_NAME "libtorrent-rasterbar"
| #define PACKAGE_TARNAME "libtorrent-rasterbar"
| #define PACKAGE_VERSION "0.15.1"
| #define PACKAGE_STRING "libtorrent-rasterbar 0.15.1"
| #define PACKAGE_BUGREPORT "arvid@cs.umu.se"
| #define PACKAGE_URL "http://www.libtorrent.org"
| /* end confdefs.h.  */
| #include <ac_nonexistent.h>
configure:4060: checking whether g++ understands -c and -o together
configure:4084: g++ -g -O2 -c conftest.cpp -o conftest2.o >&5
configure:4088: $? = 0
configure:4095: g++ -g -O2 -c conftest.cpp -o conftest2.o >&5
configure:4099: $? = 0
configure:4107: result: yes
configure:4127: checking build system type
configure:4141: result: i686-pc-linux-gnu
configure:4161: checking host system type
configure:4174: result: i686-pc-linux-gnu
configure:4194: checking target system type
configure:4207: result: i686-pc-linux-gnu
configure:4252: checking for a BSD-compatible install
configure:4320: result: /usr/bin/install -c
configure:4331: checking whether build environment is sane
configure:4381: result: yes
configure:4522: checking for a thread-safe mkdir -p
configure:4561: result: /bin/mkdir -p
configure:4574: checking for gawk
configure:4590: found /bin/gawk
configure:4601: result: gawk
configure:4612: checking whether make sets $(MAKE)
configure:4634: result: yes
configure:4664: checking for style of include used by make
configure:4692: result: GNU
configure:4777: checking dependency style of gcc
configure:4887: result: gcc3
configure:4904: checking dependency style of g++
configure:5014: result: gcc3
configure:5060: checking for a sed that does not truncate output
configure:5124: result: /bin/sed
configure:5142: checking for grep that handles long lines and -e
configure:5200: result: /bin/grep
configure:5205: checking for egrep
configure:5267: result: /bin/grep -E
configure:5272: checking for fgrep
configure:5334: result: /bin/grep -F
configure:5369: checking for ld used by gcc
configure:5436: result: /usr/i686-pc-linux-gnu/bin/ld
configure:5443: checking if the linker (/usr/i686-pc-linux-gnu/bin/ld) is GNU ld
configure:5458: result: yes
configure:5470: checking for BSD- or MS-compatible name lister (nm)
configure:5519: result: /usr/bin/nm -B
configure:5637: checking the name lister (/usr/bin/nm -B) interface
configure:5644: gcc -c -g -O2  conftest.c >&5
configure:5647: /usr/bin/nm -B "conftest.o"
configure:5650: output
00000000 B some_variable
configure:5657: result: BSD nm
configure:5660: checking whether ln -s works
configure:5664: result: yes
configure:5672: checking the maximum length of command line arguments
configure:5792: result: 1572864
configure:5809: checking whether the shell understands some XSI constructs
configure:5819: result: yes
configure:5823: checking whether the shell understands "+="
configure:5829: result: yes
configure:5864: checking for /usr/i686-pc-linux-gnu/bin/ld option to reload object files
configure:5871: result: -r
configure:5940: checking for objdump
configure:5956: found /usr/bin/objdump
configure:5967: result: objdump
configure:5999: checking how to recognize dependent libraries
configure:6195: result: pass_all
configure:6255: checking for ar
configure:6271: found /usr/bin/ar
configure:6282: result: ar
configure:6360: checking for strip
configure:6376: found /usr/bin/strip
configure:6387: result: strip
configure:6459: checking for ranlib
configure:6475: found /usr/bin/ranlib
configure:6486: result: ranlib
configure:6576: checking command to parse /usr/bin/nm -B output from gcc object
configure:6694: gcc -c -g -O2  conftest.c >&5
configure:6697: $? = 0
configure:6701: /usr/bin/nm -B conftest.o \| sed -n -e 's/^.*[	 ]\([ABCDGIRSTW][ABCDGIRSTW]*\)[	 ][	 ]*\([_A-Za-z][_A-Za-z0-9]*\)$/\1 \2 \2/p' \> conftest.nm
configure:6704: $? = 0
configure:6758: gcc -o conftest -g -O2   conftest.c conftstm.o >&5
configure:6761: $? = 0
configure:6799: result: ok
configure:7604: checking for ANSI C header files
configure:7624: gcc -c -g -O2  conftest.c >&5
configure:7624: $? = 0
configure:7697: gcc -o conftest -g -O2   conftest.c  >&5
configure:7697: $? = 0
configure:7697: ./conftest
configure:7697: $? = 0
configure:7708: result: yes
configure:7721: checking for sys/types.h
configure:7721: gcc -c -g -O2  conftest.c >&5
configure:7721: $? = 0
configure:7721: result: yes
configure:7721: checking for sys/stat.h
configure:7721: gcc -c -g -O2  conftest.c >&5
configure:7721: $? = 0
configure:7721: result: yes
configure:7721: checking for stdlib.h
configure:7721: gcc -c -g -O2  conftest.c >&5
configure:7721: $? = 0
configure:7721: result: yes
configure:7721: checking for string.h
configure:7721: gcc -c -g -O2  conftest.c >&5
configure:7721: $? = 0
configure:7721: result: yes
configure:7721: checking for memory.h
configure:7721: gcc -c -g -O2  conftest.c >&5
configure:7721: $? = 0
configure:7721: result: yes
configure:7721: checking for strings.h
configure:7721: gcc -c -g -O2  conftest.c >&5
configure:7721: $? = 0
configure:7721: result: yes
configure:7721: checking for inttypes.h
configure:7721: gcc -c -g -O2  conftest.c >&5
configure:7721: $? = 0
configure:7721: result: yes
configure:7721: checking for stdint.h
configure:7721: gcc -c -g -O2  conftest.c >&5
configure:7721: $? = 0
configure:7721: result: yes
configure:7721: checking for unistd.h
configure:7721: gcc -c -g -O2  conftest.c >&5
configure:7721: $? = 0
configure:7721: result: yes
configure:7736: checking for dlfcn.h
configure:7736: gcc -c -g -O2  conftest.c >&5
configure:7736: $? = 0
configure:7736: result: yes
configure:7861: checking for C++ compiler version
configure:7870: g++ --version >&5
g++ (Gentoo 4.3.4 p1.0, pie-10.1.5) 4.3.4
Copyright (C) 2008 Free Software Foundation, Inc.
This is free software; see the source for copying conditions.  There is NO
warranty; not even for MERCHANTABILITY or FITNESS FOR A PARTICULAR PURPOSE.

configure:7881: $? = 0
configure:7870: g++ -v >&5
Using built-in specs.
Target: i686-pc-linux-gnu
Configured with: /var/tmp/portage/sys-devel/gcc-4.3.4/work/gcc-4.3.4/configure --prefix=/usr --bindir=/usr/i686-pc-linux-gnu/gcc-bin/4.3.4 --includedir=/usr/lib/gcc/i686-pc-linux-gnu/4.3.4/include --datadir=/usr/share/gcc-data/i686-pc-linux-gnu/4.3.4 --mandir=/usr/share/gcc-data/i686-pc-linux-gnu/4.3.4/man --infodir=/usr/share/gcc-data/i686-pc-linux-gnu/4.3.4/info --with-gxx-include-dir=/usr/lib/gcc/i686-pc-linux-gnu/4.3.4/include/g++-v4 --host=i686-pc-linux-gnu --build=i686-pc-linux-gnu --disable-altivec --disable-fixed-point --enable-nls --without-included-gettext --with-system-zlib --disable-checking --disable-werror --enable-secureplt --disable-multilib --enable-libmudflap --disable-libssp --enable-libgomp --enable-java-awt=gtk --with-arch=i686 --enable-languages=c,c++,java,treelang,fortran --enable-shared --enable-threads=posix --enable-__cxa_atexit --enable-clocale=gnu --with-bugurl=http://bugs.gentoo.org/ --with-pkgversion='Gentoo 4.3.4 p1.0, pie-10.1.5'
Thread model: posix
gcc version 4.3.4 (Gentoo 4.3.4 p1.0, pie-10.1.5) 
configure:7881: $? = 0
configure:7870: g++ -V >&5
g++: '-V' option must have argument
configure:7881: $? = 1
configure:7870: g++ -qversion >&5
g++: unrecognized option '-qversion'
g++: no input files
configure:7881: $? = 1
configure:7885: checking whether we are using the GNU C++ compiler
configure:7913: result: yes
configure:7922: checking whether g++ accepts -g
configure:7983: result: yes
configure:8014: checking how to run the C++ preprocessor
configure:8080: result: g++ -E
configure:8100: g++ -E  conftest.cpp
configure:8100: $? = 0
configure:8114: g++ -E  conftest.cpp
conftest.cpp:22:28: error: ac_nonexistent.h: No such file or directory
configure:8114: $? = 1
configure: failed program was:
| /* confdefs.h */
| #define PACKAGE_NAME "libtorrent-rasterbar"
| #define PACKAGE_TARNAME "libtorrent-rasterbar"
| #define PACKAGE_VERSION "0.15.1"
| #define PACKAGE_STRING "libtorrent-rasterbar 0.15.1"
| #define PACKAGE_BUGREPORT "arvid@cs.umu.se"
| #define PACKAGE_URL "http://www.libtorrent.org"
| #define PACKAGE "libtorrent-rasterbar"
| #define VERSION "0.15.1"
| #define STDC_HEADERS 1
| #define HAVE_SYS_TYPES_H 1
| #define HAVE_SYS_STAT_H 1
| #define HAVE_STDLIB_H 1
| #define HAVE_STRING_H 1
| #define HAVE_MEMORY_H 1
| #define HAVE_STRINGS_H 1
| #define HAVE_INTTYPES_H 1
| #define HAVE_STDINT_H 1
| #define HAVE_UNISTD_H 1
| #define HAVE_DLFCN_H 1
| /* end confdefs.h.  */
| #include <ac_nonexistent.h>
configure:8320: checking for objdir
configure:8335: result: .libs
configure:8631: checking if gcc supports -fno-rtti -fno-exceptions
configure:8649: gcc -c -g -O2  -fno-rtti -fno-exceptions conftest.c >&5
cc1: warning: command line option "-fno-rtti" is valid for C++/ObjC++ but not for C
configure:8653: $? = 0
configure:8666: result: no
configure:8686: checking for gcc option to produce PIC
configure:8958: result: -fPIC -DPIC
configure:8970: checking if gcc PIC flag -fPIC -DPIC works
configure:8988: gcc -c -g -O2  -fPIC -DPIC -DPIC conftest.c >&5
configure:8992: $? = 0
configure:9005: result: yes
configure:9029: checking if gcc static flag -static works
configure:9057: result: yes
configure:9072: checking if gcc supports -c -o file.o
configure:9093: gcc -c -g -O2  -o out/conftest2.o conftest.c >&5
configure:9097: $? = 0
configure:9119: result: yes
configure:9127: checking if gcc supports -c -o file.o
configure:9174: result: yes
configure:9207: checking whether the gcc linker (/usr/i686-pc-linux-gnu/bin/ld) supports shared libraries
configure:10193: result: yes
configure:10230: checking whether -lc should be explicitly linked in
configure:10235: gcc -c -g -O2  conftest.c >&5
configure:10238: $? = 0
configure:10253: gcc -shared conftest.o  -v -Wl,-soname -Wl,conftest -o conftest 2\>\&1 \| /bin/grep  -lc  \>/dev/null 2\>\&1
configure:10256: $? = 0
configure:10268: result: no
configure:10432: checking dynamic linker characteristics
configure:10865: gcc -o conftest -g -O2   -Wl,-rpath -Wl,/foo conftest.c  >&5
configure:10865: $? = 0
configure:11083: result: GNU/Linux ld.so
configure:11185: checking how to hardcode library paths into programs
configure:11210: result: immediate
configure:11730: checking whether stripping libraries is possible
configure:11735: result: yes
configure:11770: checking if libtool supports shared libraries
configure:11772: result: yes
configure:11775: checking whether to build shared libraries
configure:11796: result: yes
configure:11799: checking whether to build static libraries
configure:11803: result: yes
configure:11953: checking for ld used by g++
configure:12020: result: /usr/i686-pc-linux-gnu/bin/ld
configure:12027: checking if the linker (/usr/i686-pc-linux-gnu/bin/ld) is GNU ld
configure:12042: result: yes
configure:12097: checking whether the g++ linker (/usr/i686-pc-linux-gnu/bin/ld) supports shared libraries
configure:13010: result: yes
configure:13038: g++ -c -g -O2  conftest.cpp >&5
configure:13041: $? = 0
configure:13223: checking for g++ option to produce PIC
configure:13540: result: -fPIC -DPIC
configure:13549: checking if g++ PIC flag -fPIC -DPIC works
configure:13567: g++ -c -g -O2  -fPIC -DPIC -DPIC conftest.cpp >&5
configure:13571: $? = 0
configure:13584: result: yes
configure:13605: checking if g++ static flag -static works
configure:13633: result: yes
configure:13645: checking if g++ supports -c -o file.o
configure:13666: g++ -c -g -O2  -o out/conftest2.o conftest.cpp >&5
configure:13670: $? = 0
configure:13692: result: yes
configure:13697: checking if g++ supports -c -o file.o
configure:13744: result: yes
configure:13774: checking whether the g++ linker (/usr/i686-pc-linux-gnu/bin/ld) supports shared libraries
configure:13800: result: yes
configure:13937: checking dynamic linker characteristics
configure:14318: g++ -o conftest -g -O2   -Wl,-rpath -Wl,/foo conftest.cpp  >&5
configure:14318: $? = 0
configure:14536: result: GNU/Linux ld.so
configure:14587: checking how to hardcode library paths into programs
configure:14612: result: immediate
configure:14844: checking for the pthreads library -lpthreads
configure:14877: gcc -o conftest -g -O2    conftest.c -lpthreads  >&5
/usr/lib/gcc/i686-pc-linux-gnu/4.3.4/../../../../i686-pc-linux-gnu/bin/ld: cannot find -lpthreads
collect2: ld returned 1 exit status
configure:14877: $? = 1
configure: failed program was:
| /* confdefs.h */
| #define PACKAGE_NAME "libtorrent-rasterbar"
| #define PACKAGE_TARNAME "libtorrent-rasterbar"
| #define PACKAGE_VERSION "0.15.1"
| #define PACKAGE_STRING "libtorrent-rasterbar 0.15.1"
| #define PACKAGE_BUGREPORT "arvid@cs.umu.se"
| #define PACKAGE_URL "http://www.libtorrent.org"
| #define PACKAGE "libtorrent-rasterbar"
| #define VERSION "0.15.1"
| #define STDC_HEADERS 1
| #define HAVE_SYS_TYPES_H 1
| #define HAVE_SYS_STAT_H 1
| #define HAVE_STDLIB_H 1
| #define HAVE_STRING_H 1
| #define HAVE_MEMORY_H 1
| #define HAVE_STRINGS_H 1
| #define HAVE_INTTYPES_H 1
| #define HAVE_STDINT_H 1
| #define HAVE_UNISTD_H 1
| #define HAVE_DLFCN_H 1
| #define LT_OBJDIR ".libs/"
| /* end confdefs.h.  */
| #include <pthread.h>
| int
| main ()
| {
| pthread_t th; pthread_join(th, 0);
|                      pthread_attr_init(0); pthread_cleanup_push(0, 0);
|                      pthread_create(0,0,0,0); pthread_cleanup_pop(0);
|   ;
|   return 0;
| }
configure:14886: result: no
configure:14789: checking whether pthreads work without any flags
configure:14877: gcc -o conftest -g -O2    conftest.c   >&5
/tmp/ccatZvos.o: In function `main':
/home/thomas/workspace/hrktorrent-0.3.5/libtorrent-rasterbar-0.15.1/conftest.c:27: undefined reference to `pthread_join'
/home/thomas/workspace/hrktorrent-0.3.5/libtorrent-rasterbar-0.15.1/conftest.c:28: undefined reference to `__pthread_register_cancel'
/home/thomas/workspace/hrktorrent-0.3.5/libtorrent-rasterbar-0.15.1/conftest.c:29: undefined reference to `pthread_create'
/home/thomas/workspace/hrktorrent-0.3.5/libtorrent-rasterbar-0.15.1/conftest.c:29: undefined reference to `__pthread_unregister_cancel'
collect2: ld returned 1 exit status
configure:14877: $? = 1
configure: failed program was:
| /* confdefs.h */
| #define PACKAGE_NAME "libtorrent-rasterbar"
| #define PACKAGE_TARNAME "libtorrent-rasterbar"
| #define PACKAGE_VERSION "0.15.1"
| #define PACKAGE_STRING "libtorrent-rasterbar 0.15.1"
| #define PACKAGE_BUGREPORT "arvid@cs.umu.se"
| #define PACKAGE_URL "http://www.libtorrent.org"
| #define PACKAGE "libtorrent-rasterbar"
| #define VERSION "0.15.1"
| #define STDC_HEADERS 1
| #define HAVE_SYS_TYPES_H 1
| #define HAVE_SYS_STAT_H 1
| #define HAVE_STDLIB_H 1
| #define HAVE_STRING_H 1
| #define HAVE_MEMORY_H 1
| #define HAVE_STRINGS_H 1
| #define HAVE_INTTYPES_H 1
| #define HAVE_STDINT_H 1
| #define HAVE_UNISTD_H 1
| #define HAVE_DLFCN_H 1
| #define LT_OBJDIR ".libs/"
| /* end confdefs.h.  */
| #include <pthread.h>
| int
| main ()
| {
| pthread_t th; pthread_join(th, 0);
|                      pthread_attr_init(0); pthread_cleanup_push(0, 0);
|                      pthread_create(0,0,0,0); pthread_cleanup_pop(0);
|   ;
|   return 0;
| }
configure:14886: result: no
configure:14794: checking whether pthreads work with -Kthread
configure:14877: gcc -o conftest -g -O2 -Kthread   conftest.c   >&5
gcc: unrecognized option '-Kthread'
/tmp/cckmEvTB.o: In function `main':
/home/thomas/workspace/hrktorrent-0.3.5/libtorrent-rasterbar-0.15.1/conftest.c:27: undefined reference to `pthread_join'
/home/thomas/workspace/hrktorrent-0.3.5/libtorrent-rasterbar-0.15.1/conftest.c:28: undefined reference to `__pthread_register_cancel'
/home/thomas/workspace/hrktorrent-0.3.5/libtorrent-rasterbar-0.15.1/conftest.c:29: undefined reference to `pthread_create'
/home/thomas/workspace/hrktorrent-0.3.5/libtorrent-rasterbar-0.15.1/conftest.c:29: undefined reference to `__pthread_unregister_cancel'
collect2: ld returned 1 exit status
configure:14877: $? = 1
configure: failed program was:
| /* confdefs.h */
| #define PACKAGE_NAME "libtorrent-rasterbar"
| #define PACKAGE_TARNAME "libtorrent-rasterbar"
| #define PACKAGE_VERSION "0.15.1"
| #define PACKAGE_STRING "libtorrent-rasterbar 0.15.1"
| #define PACKAGE_BUGREPORT "arvid@cs.umu.se"
| #define PACKAGE_URL "http://www.libtorrent.org"
| #define PACKAGE "libtorrent-rasterbar"
| #define VERSION "0.15.1"
| #define STDC_HEADERS 1
| #define HAVE_SYS_TYPES_H 1
| #define HAVE_SYS_STAT_H 1
| #define HAVE_STDLIB_H 1
| #define HAVE_STRING_H 1
| #define HAVE_MEMORY_H 1
| #define HAVE_STRINGS_H 1
| #define HAVE_INTTYPES_H 1
| #define HAVE_STDINT_H 1
| #define HAVE_UNISTD_H 1
| #define HAVE_DLFCN_H 1
| #define LT_OBJDIR ".libs/"
| /* end confdefs.h.  */
| #include <pthread.h>
| int
| main ()
| {
| pthread_t th; pthread_join(th, 0);
|                      pthread_attr_init(0); pthread_cleanup_push(0, 0);
|                      pthread_create(0,0,0,0); pthread_cleanup_pop(0);
|   ;
|   return 0;
| }
configure:14886: result: no
configure:14794: checking whether pthreads work with -kthread
configure:14877: gcc -o conftest -g -O2 -kthread   conftest.c   >&5
gcc: unrecognized option '-kthread'
/tmp/ccmLBzRI.o: In function `main':
/home/thomas/workspace/hrktorrent-0.3.5/libtorrent-rasterbar-0.15.1/conftest.c:27: undefined reference to `pthread_join'
/home/thomas/workspace/hrktorrent-0.3.5/libtorrent-rasterbar-0.15.1/conftest.c:28: undefined reference to `__pthread_register_cancel'
/home/thomas/workspace/hrktorrent-0.3.5/libtorrent-rasterbar-0.15.1/conftest.c:29: undefined reference to `pthread_create'
/home/thomas/workspace/hrktorrent-0.3.5/libtorrent-rasterbar-0.15.1/conftest.c:29: undefined reference to `__pthread_unregister_cancel'
collect2: ld returned 1 exit status
configure:14877: $? = 1
configure: failed program was:
| /* confdefs.h */
| #define PACKAGE_NAME "libtorrent-rasterbar"
| #define PACKAGE_TARNAME "libtorrent-rasterbar"
| #define PACKAGE_VERSION "0.15.1"
| #define PACKAGE_STRING "libtorrent-rasterbar 0.15.1"
| #define PACKAGE_BUGREPORT "arvid@cs.umu.se"
| #define PACKAGE_URL "http://www.libtorrent.org"
| #define PACKAGE "libtorrent-rasterbar"
| #define VERSION "0.15.1"
| #define STDC_HEADERS 1
| #define HAVE_SYS_TYPES_H 1
| #define HAVE_SYS_STAT_H 1
| #define HAVE_STDLIB_H 1
| #define HAVE_STRING_H 1
| #define HAVE_MEMORY_H 1
| #define HAVE_STRINGS_H 1
| #define HAVE_INTTYPES_H 1
| #define HAVE_STDINT_H 1
| #define HAVE_UNISTD_H 1
| #define HAVE_DLFCN_H 1
| #define LT_OBJDIR ".libs/"
| /* end confdefs.h.  */
| #include <pthread.h>
| int
| main ()
| {
| pthread_t th; pthread_join(th, 0);
|                      pthread_attr_init(0); pthread_cleanup_push(0, 0);
|                      pthread_create(0,0,0,0); pthread_cleanup_pop(0);
|   ;
|   return 0;
| }
configure:14886: result: no
configure:14844: checking for the pthreads library -llthread
configure:14877: gcc -o conftest -g -O2    conftest.c -llthread  >&5
/usr/lib/gcc/i686-pc-linux-gnu/4.3.4/../../../../i686-pc-linux-gnu/bin/ld: cannot find -llthread
collect2: ld returned 1 exit status
configure:14877: $? = 1
configure: failed program was:
| /* confdefs.h */
| #define PACKAGE_NAME "libtorrent-rasterbar"
| #define PACKAGE_TARNAME "libtorrent-rasterbar"
| #define PACKAGE_VERSION "0.15.1"
| #define PACKAGE_STRING "libtorrent-rasterbar 0.15.1"
| #define PACKAGE_BUGREPORT "arvid@cs.umu.se"
| #define PACKAGE_URL "http://www.libtorrent.org"
| #define PACKAGE "libtorrent-rasterbar"
| #define VERSION "0.15.1"
| #define STDC_HEADERS 1
| #define HAVE_SYS_TYPES_H 1
| #define HAVE_SYS_STAT_H 1
| #define HAVE_STDLIB_H 1
| #define HAVE_STRING_H 1
| #define HAVE_MEMORY_H 1
| #define HAVE_STRINGS_H 1
| #define HAVE_INTTYPES_H 1
| #define HAVE_STDINT_H 1
| #define HAVE_UNISTD_H 1
| #define HAVE_DLFCN_H 1
| #define LT_OBJDIR ".libs/"
| /* end confdefs.h.  */
| #include <pthread.h>
| int
| main ()
| {
| pthread_t th; pthread_join(th, 0);
|                      pthread_attr_init(0); pthread_cleanup_push(0, 0);
|                      pthread_create(0,0,0,0); pthread_cleanup_pop(0);
|   ;
|   return 0;
| }
configure:14886: result: no
configure:14794: checking whether pthreads work with -lpthread
configure:14877: gcc -o conftest -g -O2 -lpthread   conftest.c   >&5
configure:14877: $? = 0
configure:14886: result: yes
configure:14905: checking for joinable pthread attribute
configure:14920: gcc -o conftest -g -O2 -lpthread   conftest.c   >&5
configure:14920: $? = 0
configure:14926: result: PTHREAD_CREATE_JOINABLE
configure:14936: checking if more special flags are required for pthreads
configure:14943: result: no
configure:15081: checking for boostlib >= 1.36
configure:15136: g++ -c -g -O2  -I/usr/include conftest.cpp >&5
configure:15136: $? = 0
configure:15138: result: yes
configure:15306: checking whether the Boost::System library is available
configure:15330: g++ -c -g -O2  -I/usr/include conftest.cpp >&5
configure:15330: $? = 0
configure:15345: result: yes
configure:15360: checking for exit in -lboost_system-1_35
configure:15385: gcc -o conftest -lpthread -g -O2  -I/usr/include  -L/usr/lib conftest.c -lboost_system-1_35    >&5
conftest.c:33: warning: conflicting types for built-in function 'exit'
configure:15385: $? = 0
configure:15395: result: yes
configure:15554: checking whether the Boost::Filesystem library is available
configure:15578: g++ -c -g -O2  -I/usr/include conftest.cpp >&5
configure:15578: $? = 0
configure:15592: result: yes
configure:15603: checking for exit in -lboost_filesystem-1_35
configure:15628: gcc -o conftest -lpthread -g -O2  -I/usr/include  -L/usr/lib conftest.c -lboost_filesystem-1_35    -lboost_system-1_35 >&5
conftest.c:34: warning: conflicting types for built-in function 'exit'
configure:15628: $? = 0
configure:15638: result: yes
configure:15794: checking whether the Boost::Thread library is available
configure:15819: g++ -c -g -O2  -I/usr/include conftest.cpp >&5
configure:15819: $? = 0
configure:15834: result: yes
configure:15856: checking for exit in -lboost_thread-1_35
configure:15881: gcc -o conftest -lpthread -g -O2  -I/usr/include  -L/usr/lib conftest.c -lboost_thread-1_35    >&5
conftest.c:35: warning: conflicting types for built-in function 'exit'
configure:15881: $? = 0
configure:15891: result: yes
configure:16084: checking for pkg-config
configure:16102: found /usr/bin/pkg-config
configure:16114: result: /usr/bin/pkg-config
configure:16139: checking pkg-config is at least version 0.20
configure:16142: result: yes
configure:16162: checking for special C compiler options needed for large files
configure:16207: result: no
configure:16213: checking for _FILE_OFFSET_BITS value needed for large files
configure:16238: gcc -c -lpthread -g -O2 -I/usr/include  conftest.c >&5
conftest.c:34: warning: left shift count >= width of type
conftest.c:34: warning: left shift count >= width of type
conftest.c:36: error: size of array 'off_t_is_large' is negative
configure:16238: $? = 1
configure: failed program was:
| /* confdefs.h */
| #define PACKAGE_NAME "libtorrent-rasterbar"
| #define PACKAGE_TARNAME "libtorrent-rasterbar"
| #define PACKAGE_VERSION "0.15.1"
| #define PACKAGE_STRING "libtorrent-rasterbar 0.15.1"
| #define PACKAGE_BUGREPORT "arvid@cs.umu.se"
| #define PACKAGE_URL "http://www.libtorrent.org"
| #define PACKAGE "libtorrent-rasterbar"
| #define VERSION "0.15.1"
| #define STDC_HEADERS 1
| #define HAVE_SYS_TYPES_H 1
| #define HAVE_SYS_STAT_H 1
| #define HAVE_STDLIB_H 1
| #define HAVE_STRING_H 1
| #define HAVE_MEMORY_H 1
| #define HAVE_STRINGS_H 1
| #define HAVE_INTTYPES_H 1
| #define HAVE_STDINT_H 1
| #define HAVE_UNISTD_H 1
| #define HAVE_DLFCN_H 1
| #define LT_OBJDIR ".libs/"
| #define HAVE_PTHREAD 1
| #define HAVE_BOOST 1
| #define HAVE_BOOST_SYSTEM 1
| #define HAVE_BOOST_FILESYSTEM 1
| #define HAVE_BOOST_THREAD 1
| /* end confdefs.h.  */
| #include <sys/types.h>
|  /* Check that off_t can represent 2**63 - 1 correctly.
|     We can't simply define LARGE_OFF_T to be 9223372036854775807,
|     since some C++ compilers masquerading as C compilers
|     incorrectly reject 9223372036854775807.  */
| #define LARGE_OFF_T (((off_t) 1 << 62) - 1 + ((off_t) 1 << 62))
|   int off_t_is_large[(LARGE_OFF_T % 2147483629 == 721
| 		       && LARGE_OFF_T % 2147483647 == 1)
| 		      ? 1 : -1];
| int
| main ()
| {
| 
|   ;
|   return 0;
| }
configure:16262: gcc -c -lpthread -g -O2 -I/usr/include  conftest.c >&5
configure:16262: $? = 0
configure:16270: result: 64
configure:16354: checking whether ln -s works
configure:16358: result: yes
configure:16365: checking whether make sets $(MAKE)
configure:16387: result: yes
configure:16400: checking for gethostbyname
configure:16400: gcc -o conftest -lpthread -g -O2 -I/usr/include  -L/usr/lib  conftest.c   >&5
configure:16400: $? = 0
configure:16400: result: yes
configure:16623: checking for gethostbyname_r
configure:16623: gcc -o conftest -lpthread -g -O2 -I/usr/include  -L/usr/lib  conftest.c   >&5
configure:16623: $? = 0
configure:16623: result: yes
configure:16651: checking for clock_gettime
configure:16651: gcc -o conftest -lpthread -g -O2 -I/usr/include  -L/usr/lib  conftest.c   >&5
/tmp/ccc9dvP6.o: In function `main':
/home/thomas/workspace/hrktorrent-0.3.5/libtorrent-rasterbar-0.15.1/conftest.c:66: undefined reference to `clock_gettime'
collect2: ld returned 1 exit status
configure:16651: $? = 1
configure: failed program was:
| /* confdefs.h */
| #define PACKAGE_NAME "libtorrent-rasterbar"
| #define PACKAGE_TARNAME "libtorrent-rasterbar"
| #define PACKAGE_VERSION "0.15.1"
| #define PACKAGE_STRING "libtorrent-rasterbar 0.15.1"
| #define PACKAGE_BUGREPORT "arvid@cs.umu.se"
| #define PACKAGE_URL "http://www.libtorrent.org"
| #define PACKAGE "libtorrent-rasterbar"
| #define VERSION "0.15.1"
| #define STDC_HEADERS 1
| #define HAVE_SYS_TYPES_H 1
| #define HAVE_SYS_STAT_H 1
| #define HAVE_STDLIB_H 1
| #define HAVE_STRING_H 1
| #define HAVE_MEMORY_H 1
| #define HAVE_STRINGS_H 1
| #define HAVE_INTTYPES_H 1
| #define HAVE_STDINT_H 1
| #define HAVE_UNISTD_H 1
| #define HAVE_DLFCN_H 1
| #define LT_OBJDIR ".libs/"
| #define HAVE_PTHREAD 1
| #define HAVE_BOOST 1
| #define HAVE_BOOST_SYSTEM 1
| #define HAVE_BOOST_FILESYSTEM 1
| #define HAVE_BOOST_THREAD 1
| #define _FILE_OFFSET_BITS 64
| #define HAVE_GETHOSTBYNAME 1
| #define HAVE_GETHOSTBYNAME_R 1
| #define GETHOSTBYNAME_R_RETURNS_INT 1
| /* end confdefs.h.  */
| /* Define clock_gettime to an innocuous variant, in case <limits.h> declares clock_gettime.
|    For example, HP-UX 11i <limits.h> declares gettimeofday.  */
| #define clock_gettime innocuous_clock_gettime
| 
| /* System header to define __stub macros and hopefully few prototypes,
|     which can conflict with char clock_gettime (); below.
|     Prefer <limits.h> to <assert.h> if __STDC__ is defined, since
|     <limits.h> exists even on freestanding compilers.  */
| 
| #ifdef __STDC__
| # include <limits.h>
| #else
| # include <assert.h>
| #endif
| 
| #undef clock_gettime
| 
| /* Override any GCC internal prototype to avoid an error.
|    Use char because int might match the return type of a GCC
|    builtin and then its argument prototype would still apply.  */
| #ifdef __cplusplus
| extern "C"
| #endif
| char clock_gettime ();
| /* The GNU C library defines this for functions which it implements
|     to always fail with ENOSYS.  Some functions are actually named
|     something starting with __ and the normal name is an alias.  */
| #if defined __stub_clock_gettime || defined __stub___clock_gettime
| choke me
| #endif
| 
| int
| main ()
| {
| return clock_gettime ();
|   ;
|   return 0;
| }
configure:16651: result: no
configure:16658: checking for clock_gettime in -lrt
configure:16683: gcc -o conftest -lpthread -g -O2 -I/usr/include  -L/usr/lib  conftest.c -lrt    >&5
configure:16683: $? = 0
configure:16692: result: yes
configure:16928: checking whether deprecated functions should be enabled
configure:16933: result: yes
configure:16951: checking whether debug build should be enabled
configure:16966: result: no
configure:16981: checking whether invariant check should be enabled
configure:16994: result: no
configure:17021: checking whether logging to disk should be enabled
configure:17035: result: no
configure:17063: checking whether statistics logging should be enabled
configure:17076: result: no
configure:17086: checking whether disk activity logging should be enabled
configure:17099: result: no
configure:17112: checking whether encryption support should be enabled
configure:17117: result: yes
configure:17119: encryption support: now checking for the OpenSSL library...
configure:17142: checking for pkg-config
configure:17172: result: /usr/bin/pkg-config
configure:17228: checking whether compiling and linking against OpenSSL works
Trying link with OPENSSL_LDFLAGS= ; OPENSSL_LIBS=-lssl -lcrypto -ldl  ; OPENSSL_INCLUDES= 
configure:17250: gcc -o conftest -lpthread -g -O2   -I/usr/include  -L/usr/lib    conftest.c -lssl -lcrypto -ldl   -lrt   >&5
configure:17250: $? = 0
configure:17252: result: yes
configure:17297: checking whether geoip support should be enabled
configure:17302: result: yes
configure:17321: checking whether dht support should be enabled
configure:17326: result: yes
configure:17354: checking whether pool allocators should be enabled
configure:17359: result: yes
configure:17380: checking whether example files should be built
configure:17387: result: no
configure:17396: checking whether test files should be built
configure:17403: result: no
configure:17412: checking whether python bindings should be built
configure:18092: result: no
configure:18105: checking whether to link against system zlib
configure:18110: result: yes
configure:18112: checking zlib.h usability
configure:18112: gcc -c -lpthread -g -O2 -I/usr/include  conftest.c >&5
configure:18112: $? = 0
configure:18112: result: yes
configure:18112: checking zlib.h presence
configure:18112: gcc -E -I/usr/include  conftest.c
configure:18112: $? = 0
configure:18112: result: yes
configure:18112: checking for zlib.h
configure:18112: result: yes
configure:18115: checking for main in -lz
configure:18134: gcc -o conftest -lpthread -g -O2 -I/usr/include  -L/usr/lib  conftest.c -lz  -lrt   >&5
configure:18134: $? = 0
configure:18143: result: yes
configure:18180: checking for FIEMAP support
configure:18184: checking linux/fiemap.h usability
configure:18184: gcc -c -lpthread -g -O2 -I/usr/include  conftest.c >&5
configure:18184: $? = 0
configure:18184: result: yes
configure:18184: checking linux/fiemap.h presence
configure:18184: gcc -E -I/usr/include  conftest.c
configure:18184: $? = 0
configure:18184: result: yes
configure:18184: checking for linux/fiemap.h
configure:18184: result: yes
configure:18195: checking whether to link against system libgeoip
configure:18454: result: no
configure:18759: creating ./config.status

## ---------------------- ##
## Running config.status. ##
## ---------------------- ##

This file was extended by libtorrent-rasterbar config.status 0.15.1, which was
generated by GNU Autoconf 2.64.  Invocation command line was

  CONFIG_FILES    = 
  CONFIG_HEADERS  = 
  CONFIG_LINKS    = 
  CONFIG_COMMANDS = 
  $ ./config.status 

on y.uk.to

config.status:1110: creating Makefile
config.status:1110: creating src/Makefile
config.status:1110: creating include/libtorrent/Makefile
config.status:1110: creating examples/Makefile
config.status:1110: creating test/Makefile
config.status:1110: creating zlib/Makefile
config.status:1110: creating bindings/Makefile
config.status:1110: creating bindings/python/Makefile
config.status:1110: creating bindings/python/setup.py
config.status:1110: creating libtorrent-rasterbar.pc
config.status:1110: creating libtorrent-rasterbar-cmake.pc
config.status:1273: executing depfiles commands
config.status:1273: executing libtool commands

## ---------------- ##
## Cache variables. ##
## ---------------- ##

ac_cv_build=i686-pc-linux-gnu
ac_cv_c_compiler_gnu=yes
ac_cv_cxx_compiler_gnu=yes
ac_cv_env_CCC_set=
ac_cv_env_CCC_value=
ac_cv_env_CC_set=
ac_cv_env_CC_value=
ac_cv_env_CFLAGS_set=
ac_cv_env_CFLAGS_value=
ac_cv_env_CPPFLAGS_set=
ac_cv_env_CPPFLAGS_value=
ac_cv_env_CPP_set=
ac_cv_env_CPP_value=
ac_cv_env_CXXCPP_set=
ac_cv_env_CXXCPP_value=
ac_cv_env_CXXFLAGS_set=
ac_cv_env_CXXFLAGS_value=
ac_cv_env_CXX_set=
ac_cv_env_CXX_value=
ac_cv_env_GEOIP_CFLAGS_set=
ac_cv_env_GEOIP_CFLAGS_value=
ac_cv_env_GEOIP_LIBS_set=
ac_cv_env_GEOIP_LIBS_value=
ac_cv_env_LDFLAGS_set=
ac_cv_env_LDFLAGS_value=
ac_cv_env_LIBS_set=
ac_cv_env_LIBS_value=
ac_cv_env_PKG_CONFIG_set=
ac_cv_env_PKG_CONFIG_value=
ac_cv_env_PYTHON_INSTALL_PARAMS_set=
ac_cv_env_PYTHON_INSTALL_PARAMS_value=
ac_cv_env_PYTHON_VERSION_set=
ac_cv_env_PYTHON_VERSION_value=
ac_cv_env_build_alias_set=
ac_cv_env_build_alias_value=
ac_cv_env_host_alias_set=
ac_cv_env_host_alias_value=
ac_cv_env_target_alias_set=
ac_cv_env_target_alias_value=
ac_cv_func_clock_gettime=no
ac_cv_func_gethostbyname=yes
ac_cv_func_gethostbyname_r=yes
ac_cv_header_dlfcn_h=yes
ac_cv_header_inttypes_h=yes
ac_cv_header_linux_fiemap_h=yes
ac_cv_header_memory_h=yes
ac_cv_header_stdc=yes
ac_cv_header_stdint_h=yes
ac_cv_header_stdlib_h=yes
ac_cv_header_string_h=yes
ac_cv_header_strings_h=yes
ac_cv_header_sys_stat_h=yes
ac_cv_header_sys_types_h=yes
ac_cv_header_unistd_h=yes
ac_cv_header_zlib_h=yes
ac_cv_host=i686-pc-linux-gnu
ac_cv_lib_boost_filesystem_1_35___exit=yes
ac_cv_lib_boost_system_1_35___exit=yes
ac_cv_lib_boost_thread_1_35___exit=yes
ac_cv_lib_rt_clock_gettime=yes
ac_cv_lib_z_main=yes
ac_cv_objext=o
ac_cv_path_EGREP='/bin/grep -E'
ac_cv_path_FGREP='/bin/grep -F'
ac_cv_path_GREP=/bin/grep
ac_cv_path_PKG_CONFIG=/usr/bin/pkg-config
ac_cv_path_SED=/bin/sed
ac_cv_path_ac_pt_PKG_CONFIG=/usr/bin/pkg-config
ac_cv_path_install='/usr/bin/install -c'
ac_cv_path_mkdir=/bin/mkdir
ac_cv_prog_AWK=gawk
ac_cv_prog_CPP='gcc -E'
ac_cv_prog_CXXCPP='g++ -E'
ac_cv_prog_ac_ct_AR=ar
ac_cv_prog_ac_ct_CC=gcc
ac_cv_prog_ac_ct_CXX=g++
ac_cv_prog_ac_ct_OBJDUMP=objdump
ac_cv_prog_ac_ct_RANLIB=ranlib
ac_cv_prog_ac_ct_STRIP=strip
ac_cv_prog_cc_c89=
ac_cv_prog_cc_g=yes
ac_cv_prog_cc_gcc_c_o=yes
ac_cv_prog_cxx_c_o=yes
ac_cv_prog_cxx_g=yes
ac_cv_prog_make_make_set=yes
ac_cv_sys_file_offset_bits=64
ac_cv_sys_largefile_CC=no
ac_cv_target=i686-pc-linux-gnu
am_cv_CC_dependencies_compiler_type=gcc3
am_cv_CXX_dependencies_compiler_type=gcc3
ax_cv_boost_filesystem=yes
ax_cv_boost_system=yes
ax_cv_boost_thread=yes
lt_cv_deplibs_check_method=pass_all
lt_cv_file_magic_cmd='$MAGIC_CMD'
lt_cv_file_magic_test_file=
lt_cv_ld_reload_flag=-r
lt_cv_nm_interface='BSD nm'
lt_cv_objdir=.libs
lt_cv_path_LD=/usr/i686-pc-linux-gnu/bin/ld
lt_cv_path_LDCXX=/usr/i686-pc-linux-gnu/bin/ld
lt_cv_path_NM='/usr/bin/nm -B'
lt_cv_prog_compiler_c_o=yes
lt_cv_prog_compiler_c_o_CXX=yes
lt_cv_prog_compiler_pic_works=yes
lt_cv_prog_compiler_pic_works_CXX=yes
lt_cv_prog_compiler_rtti_exceptions=no
lt_cv_prog_compiler_static_works=yes
lt_cv_prog_compiler_static_works_CXX=yes
lt_cv_prog_gnu_ld=yes
lt_cv_prog_gnu_ldcxx=yes
lt_cv_sys_global_symbol_pipe='sed -n -e '\''s/^.*[	 ]\([ABCDGIRSTW][ABCDGIRSTW]*\)[	 ][	 ]*\([_A-Za-z][_A-Za-z0-9]*\)$/\1 \2 \2/p'\'''
lt_cv_sys_global_symbol_to_c_name_address='sed -n -e '\''s/^: \([^ ]*\) $/  {\"\1\", (void *) 0},/p'\'' -e '\''s/^[ABCDGIRSTW]* \([^ ]*\) \([^ ]*\)$/  {"\2", (void *) \&\2},/p'\'''
lt_cv_sys_global_symbol_to_c_name_address_lib_prefix='sed -n -e '\''s/^: \([^ ]*\) $/  {\"\1\", (void *) 0},/p'\'' -e '\''s/^[ABCDGIRSTW]* \([^ ]*\) \(lib[^ ]*\)$/  {"\2", (void *) \&\2},/p'\'' -e '\''s/^[ABCDGIRSTW]* \([^ ]*\) \([^ ]*\)$/  {"lib\2", (void *) \&\2},/p'\'''
lt_cv_sys_global_symbol_to_cdecl='sed -n -e '\''s/^T .* \(.*\)$/extern int \1();/p'\'' -e '\''s/^[ABCDGIRSTW]* .* \(.*\)$/extern char \1;/p'\'''
lt_cv_sys_max_cmd_len=1572864

## ----------------- ##
## Output variables. ##
## ----------------- ##

ACLOCAL='${SHELL} /home/thomas/workspace/hrktorrent-0.3.5/libtorrent-rasterbar-0.15.1/build-aux/missing --run aclocal-1.11'
AMDEPBACKSLASH='\'
AMDEP_FALSE='#'
AMDEP_TRUE=''
AMTAR='${SHELL} /home/thomas/workspace/hrktorrent-0.3.5/libtorrent-rasterbar-0.15.1/build-aux/missing --run tar'
AM_BACKSLASH='\'
AM_DEFAULT_VERBOSITY='0'
AR='ar'
AUTOCONF='${SHELL} /home/thomas/workspace/hrktorrent-0.3.5/libtorrent-rasterbar-0.15.1/build-aux/missing --run autoconf'
AUTOHEADER='${SHELL} /home/thomas/workspace/hrktorrent-0.3.5/libtorrent-rasterbar-0.15.1/build-aux/missing --run autoheader'
AUTOMAKE='${SHELL} /home/thomas/workspace/hrktorrent-0.3.5/libtorrent-rasterbar-0.15.1/build-aux/missing --run automake-1.11'
AWK='gawk'
BOOST_CPPFLAGS='-I/usr/include'
BOOST_FILESYSTEM_LIB='-lboost_filesystem-1_35'
BOOST_LDFLAGS='-L/usr/lib'
BOOST_PYTHON_LIB=''
BOOST_SYSTEM_LIB='-lboost_system-1_35'
BOOST_THREAD_LIB='-lboost_thread-1_35'
BOOST_VERSION='1.41'
CC='gcc'
CCDEPMODE='depmode=gcc3'
CFLAGS='-lpthread -g -O2'
COMPILETIME_OPTIONS='-DTORRENT_USE_OPENSSL -DWITH_SHIPPED_GEOIP_H -DBOOST_ASIO_HASH_MAP_BUCKETS=1021 -DBOOST_EXCEPTION_DISABLE -DTORRENT_LINKING_SHARED '
CPP='gcc -E'
CPPFLAGS='-I/usr/include '
CXX='g++'
CXXCPP='g++ -E'
CXXDEPMODE='depmode=gcc3'
CXXFLAGS='-g -O2'
CYGPATH_W='echo'
DEBUGFLAGS='-Os'
DEFS='-DPACKAGE_NAME=\"libtorrent-rasterbar\" -DPACKAGE_TARNAME=\"libtorrent-rasterbar\" -DPACKAGE_VERSION=\"0.15.1\" -DPACKAGE_STRING=\"libtorrent-rasterbar\ 0.15.1\" -DPACKAGE_BUGREPORT=\"arvid@cs.umu.se\" -DPACKAGE_URL=\"http://www.libtorrent.org\" -DPACKAGE=\"libtorrent-rasterbar\" -DVERSION=\"0.15.1\" -DSTDC_HEADERS=1 -DHAVE_SYS_TYPES_H=1 -DHAVE_SYS_STAT_H=1 -DHAVE_STDLIB_H=1 -DHAVE_STRING_H=1 -DHAVE_MEMORY_H=1 -DHAVE_STRINGS_H=1 -DHAVE_INTTYPES_H=1 -DHAVE_STDINT_H=1 -DHAVE_UNISTD_H=1 -DHAVE_DLFCN_H=1 -DLT_OBJDIR=\".libs/\" -DHAVE_PTHREAD=1 -DHAVE_BOOST=1 -DHAVE_BOOST_SYSTEM=1 -DHAVE_BOOST_FILESYSTEM=1 -DHAVE_BOOST_THREAD=1 -D_FILE_OFFSET_BITS=64 -DHAVE_GETHOSTBYNAME=1 -DHAVE_GETHOSTBYNAME_R=1 -DGETHOSTBYNAME_R_RETURNS_INT=1 -DHAVE_LIBRT=1 -DNDEBUG=1 -DTORRENT_USE_OPENSSL=1 -DHAVE_LIBZ=1 -DHAVE_LINUX_FIEMAP_H=1 -DWITH_SHIPPED_GEOIP_H=1 -DBOOST_ASIO_HASH_MAP_BUCKETS=1021 -DBOOST_EXCEPTION_DISABLE=1 -DTORRENT_BUILDING_SHARED=1'
DEPDIR='.deps'
DSYMUTIL=''
DUMPBIN=''
ECHO_C=''
ECHO_N='-n'
ECHO_T=''
EGREP='/bin/grep -E'
ENABLE_DHT_FALSE='#'
ENABLE_DHT_TRUE=''
ENABLE_EXAMPLES_FALSE=''
ENABLE_EXAMPLES_TRUE='#'
ENABLE_PYTHON_BINDING_FALSE=''
ENABLE_PYTHON_BINDING_TRUE='#'
ENABLE_TESTS_FALSE=''
ENABLE_TESTS_TRUE='#'
EXEEXT=''
FGREP='/bin/grep -F'
GEOIP_CFLAGS=''
GEOIP_LIBS=''
GREP='/bin/grep'
INSTALL_DATA='${INSTALL} -m 644'
INSTALL_PROGRAM='${INSTALL}'
INSTALL_SCRIPT='${INSTALL}'
INSTALL_STRIP_PROGRAM='$(install_sh) -c -s'
INTERFACE_VERSION_INFO='6:0:0'
LD='/usr/i686-pc-linux-gnu/bin/ld'
LDFLAGS='-L/usr/lib '
LIBOBJS=''
LIBS='-lz -lrt  '
LIBTOOL='$(SHELL) $(top_builddir)/libtool'
LIPO=''
LN_S='ln -s'
LTLIBOBJS=''
MAKEINFO='${SHELL} /home/thomas/workspace/hrktorrent-0.3.5/libtorrent-rasterbar-0.15.1/build-aux/missing --run makeinfo'
MKDIR_P='/bin/mkdir -p'
NM='/usr/bin/nm -B'
NMEDIT=''
OBJDUMP='objdump'
OBJEXT='o'
OPENSSL_INCLUDES=' '
OPENSSL_LDFLAGS=' '
OPENSSL_LIBS='-lssl -lcrypto -ldl  '
OTOOL64=''
OTOOL=''
PACKAGE='libtorrent-rasterbar'
PACKAGE_BUGREPORT='arvid@cs.umu.se'
PACKAGE_NAME='libtorrent-rasterbar'
PACKAGE_STRING='libtorrent-rasterbar 0.15.1'
PACKAGE_TARNAME='libtorrent-rasterbar'
PACKAGE_URL='http://www.libtorrent.org'
PACKAGE_VERSION='0.15.1'
PATH_SEPARATOR=':'
PKG_CONFIG='/usr/bin/pkg-config'
PTHREAD_CC='gcc'
PTHREAD_CFLAGS='-lpthread'
PTHREAD_LIBS=''
PYTHON=''
PYTHON_CPPFLAGS=''
PYTHON_EXEC_PREFIX=''
PYTHON_EXTRA_LDFLAGS=''
PYTHON_EXTRA_LIBS=''
PYTHON_INSTALL_PARAMS='--prefix=$(DESTDIR)$(prefix)'
PYTHON_LDFLAGS=''
PYTHON_PLATFORM=''
PYTHON_PREFIX=''
PYTHON_SITE_PKG=''
PYTHON_VERSION=''
RANLIB='ranlib'
SED='/bin/sed'
SET_MAKE=''
SHELL='/bin/sh'
STRIP='strip'
VERSION='0.15.1'
WITH_SHIPPED_GEOIP_FALSE='#'
WITH_SHIPPED_GEOIP_TRUE=''
WITH_SHIPPED_ZLIB_FALSE=''
WITH_SHIPPED_ZLIB_TRUE='#'
ac_ct_CC='gcc'
ac_ct_CXX='g++'
ac_ct_DUMPBIN=''
am__EXEEXT_FALSE=''
am__EXEEXT_TRUE='#'
am__fastdepCC_FALSE='#'
am__fastdepCC_TRUE=''
am__fastdepCXX_FALSE='#'
am__fastdepCXX_TRUE=''
am__include='include'
am__isrc=''
am__leading_dot='.'
am__quote=''
am__tar='${AMTAR} chof - "$$tardir"'
am__untar='${AMTAR} xf -'
ax_pthread_config=''
bindir='${exec_prefix}/bin'
build='i686-pc-linux-gnu'
build_alias=''
build_cpu='i686'
build_os='linux-gnu'
build_vendor='pc'
datadir='${datarootdir}'
datarootdir='${prefix}/share'
docdir='${datarootdir}/doc/${PACKAGE_TARNAME}'
dvidir='${docdir}'
exec_prefix='${prefix}'
host='i686-pc-linux-gnu'
host_alias=''
host_cpu='i686'
host_os='linux-gnu'
host_vendor='pc'
htmldir='${docdir}'
includedir='${prefix}/include'
infodir='${datarootdir}/info'
install_sh='${SHELL} /home/thomas/workspace/hrktorrent-0.3.5/libtorrent-rasterbar-0.15.1/build-aux/install-sh'
libdir='${exec_prefix}/lib'
libexecdir='${exec_prefix}/libexec'
localedir='${datarootdir}/locale'
localstatedir='${prefix}/var'
lt_ECHO='echo'
mandir='${datarootdir}/man'
mkdir_p='/bin/mkdir -p'
oldincludedir='/usr/include'
pdfdir='${docdir}'
pkgpyexecdir=''
pkgpythondir=''
prefix='/usr/local'
program_transform_name='s,x,x,'
psdir='${docdir}'
pyexecdir=''
pythondir=''
sbindir='${exec_prefix}/sbin'
sharedstatedir='${prefix}/com'
sysconfdir='${prefix}/etc'
target='i686-pc-linux-gnu'
target_alias=''
target_cpu='i686'
target_os='linux-gnu'
target_vendor='pc'

## ----------- ##
## confdefs.h. ##
## ----------- ##

/* confdefs.h */
#define PACKAGE_NAME "libtorrent-rasterbar"
#define PACKAGE_TARNAME "libtorrent-rasterbar"
#define PACKAGE_VERSION "0.15.1"
#define PACKAGE_STRING "libtorrent-rasterbar 0.15.1"
#define PACKAGE_BUGREPORT "arvid@cs.umu.se"
#define PACKAGE_URL "http://www.libtorrent.org"
#define PACKAGE "libtorrent-rasterbar"
#define VERSION "0.15.1"
#define STDC_HEADERS 1
#define HAVE_SYS_TYPES_H 1
#define HAVE_SYS_STAT_H 1
#define HAVE_STDLIB_H 1
#define HAVE_STRING_H 1
#define HAVE_MEMORY_H 1
#define HAVE_STRINGS_H 1
#define HAVE_INTTYPES_H 1
#define HAVE_STDINT_H 1
#define HAVE_UNISTD_H 1
#define HAVE_DLFCN_H 1
#define LT_OBJDIR ".libs/"
#define HAVE_PTHREAD 1
#define HAVE_BOOST 1
#define HAVE_BOOST_SYSTEM 1
#define HAVE_BOOST_FILESYSTEM 1
#define HAVE_BOOST_THREAD 1
#define _FILE_OFFSET_BITS 64
#define HAVE_GETHOSTBYNAME 1
#define HAVE_GETHOSTBYNAME_R 1
#define GETHOSTBYNAME_R_RETURNS_INT 1
#define HAVE_LIBRT 1
#define NDEBUG 1
#define TORRENT_USE_OPENSSL 1
#define HAVE_LIBZ 1
#define HAVE_LINUX_FIEMAP_H 1
#define WITH_SHIPPED_GEOIP_H 1
#define BOOST_ASIO_HASH_MAP_BUCKETS 1021
#define BOOST_EXCEPTION_DISABLE 1
#define TORRENT_BUILDING_SHARED 1

configure: exit 0
